[debug] [2021-01-02T14:23:40.633Z] ----------------------------------------------------------------------
[debug] [2021-01-02T14:23:40.634Z] Command:       /Users/donnie/.nvm/versions/node/v14.15.1/bin/node /Users/donnie/.nvm/versions/node/v14.15.1/bin/firebase emulators:start --import ./local_data --export-on-exit
[debug] [2021-01-02T14:23:40.635Z] CLI Version:   9.0.1
[debug] [2021-01-02T14:23:40.635Z] Platform:      darwin
[debug] [2021-01-02T14:23:40.635Z] Node Version:  v14.15.1
[debug] [2021-01-02T14:23:40.636Z] Time:          Sat Jan 02 2021 09:23:40 GMT-0500 (Eastern Standard Time)
[debug] [2021-01-02T14:23:40.636Z] ----------------------------------------------------------------------
[debug] [2021-01-02T14:23:40.636Z] 
[debug] [2021-01-02T14:23:40.641Z] > command requires scopes: ["email","openid","https://www.googleapis.com/auth/cloudplatformprojects.readonly","https://www.googleapis.com/auth/firebase","https://www.googleapis.com/auth/cloud-platform"]
[debug] [2021-01-02T14:23:40.641Z] > authorizing via signed-in user
[info] i  emulators: Starting emulators: functions, firestore, hosting {"metadata":{"emulator":{"name":"hub"},"message":"Starting emulators: functions, firestore, hosting"}}
[debug] [2021-01-02T14:23:40.660Z] [hub] writing locator at /var/folders/9j/wn2dp5xj4fzbj2kj0sjgn2hc0000gn/T/hub-ledgerdotbet-dev.json
[warn] ⚠  functions: The following emulators are not running, calls to these services from the Functions emulator will affect production: auth, database, pubsub {"metadata":{"emulator":{"name":"functions"},"message":"The following emulators are not running, calls to these services from the Functions emulator will affect production: \u001b[1mauth, database, pubsub\u001b[22m"}}
[warn] ⚠  Your requested "node" version "12" doesn't match your global version "14" {"metadata":{"emulator":{"name":"functions"},"message":"Your requested \"node\" version \"12\" doesn't match your global version \"14\""}}
[debug] [2021-01-02T14:23:40.697Z] defaultcredentials: writing to file /Users/donnie/.config/firebase/donniewmattingly_gmail_com_application_default_credentials.json
[debug] [2021-01-02T14:23:40.699Z] Setting GAC to /Users/donnie/.config/firebase/donniewmattingly_gmail_com_application_default_credentials.json {"metadata":{"emulator":{"name":"functions"},"message":"Setting GAC to /Users/donnie/.config/firebase/donniewmattingly_gmail_com_application_default_credentials.json"}}
[info] i  firestore: Importing data from /Users/donnie/code/parledger/local_data/firestore_export/firestore_export.overall_export_metadata {"metadata":{"emulator":{"name":"firestore"},"message":"Importing data from /Users/donnie/code/parledger/local_data/firestore_export/firestore_export.overall_export_metadata"}}
[debug] [2021-01-02T14:23:40.971Z] Ignoring unsupported arg: projectId {"metadata":{"emulator":{"name":"firestore"},"message":"Ignoring unsupported arg: projectId"}}
[debug] [2021-01-02T14:23:40.972Z] Ignoring unsupported arg: auto_download {"metadata":{"emulator":{"name":"firestore"},"message":"Ignoring unsupported arg: auto_download"}}
[debug] [2021-01-02T14:23:40.972Z] Starting Firestore Emulator with command {"binary":"java","args":["-Dgoogle.cloud_firestore.debug_log_level=FINE","-Duser.language=en","-jar","/Users/donnie/.cache/firebase/emulators/cloud-firestore-emulator-v1.11.11.jar","--host","localhost","--port",8080,"--seed_from_export","/Users/donnie/code/parledger/local_data/firestore_export/firestore_export.overall_export_metadata","--rules","/Users/donnie/code/parledger/firestore.rules","--functions_emulator","localhost:5001"],"optionalArgs":["port","webchannel_port","host","rules","functions_emulator","seed_from_export"],"joinArgs":false} {"metadata":{"emulator":{"name":"firestore"},"message":"Starting Firestore Emulator with command {\"binary\":\"java\",\"args\":[\"-Dgoogle.cloud_firestore.debug_log_level=FINE\",\"-Duser.language=en\",\"-jar\",\"/Users/donnie/.cache/firebase/emulators/cloud-firestore-emulator-v1.11.11.jar\",\"--host\",\"localhost\",\"--port\",8080,\"--seed_from_export\",\"/Users/donnie/code/parledger/local_data/firestore_export/firestore_export.overall_export_metadata\",\"--rules\",\"/Users/donnie/code/parledger/firestore.rules\",\"--functions_emulator\",\"localhost:5001\"],\"optionalArgs\":[\"port\",\"webchannel_port\",\"host\",\"rules\",\"functions_emulator\",\"seed_from_export\"],\"joinArgs\":false}"}}
[info] i  firestore: Firestore Emulator logging to firestore-debug.log {"metadata":{"emulator":{"name":"firestore"},"message":"Firestore Emulator logging to \u001b[1mfirestore-debug.log\u001b[22m"}}
[debug] [2021-01-02T14:23:42.814Z] API endpoint: http:// {"metadata":{"emulator":{"name":"firestore"},"message":"API endpoint: http://"}}
[debug] [2021-01-02T14:23:42.814Z] localhost:8080
If you are using a library that supports the FIRESTORE_EMULATOR_HOST environment variable, run:

   export FIRESTORE_EMULATOR_HOST=localhost:8080

Dev App Server is now running.

 {"metadata":{"emulator":{"name":"firestore"},"message":"localhost:8080\nIf you are using a library that supports the FIRESTORE_EMULATOR_HOST environment variable, run:\n\n   export FIRESTORE_EMULATOR_HOST=localhost:8080\n\nDev App Server is now running.\n\n"}}
[debug] [2021-01-02T14:23:43.061Z] >>> HTTP REQUEST GET https://firebase.googleapis.com/v1beta1/projects/ledgerdotbet-dev/webApps/-/config  
 
[debug] [2021-01-02T14:23:43.447Z] Jan 02, 2021 9:23:43 AM io.gapi.emulators.netty.HttpVersionRoutingHandler channelRead
INFO: Detected non-HTTP/2 connection.
 {"metadata":{"emulator":{"name":"firestore"},"message":"Jan 02, 2021 9:23:43 AM io.gapi.emulators.netty.HttpVersionRoutingHandler channelRead\nINFO: Detected non-HTTP/2 connection.\n"}}
[debug] [2021-01-02T14:23:43.551Z] Jan 02, 2021 9:23:43 AM com.google.cloud.datastore.emulator.firestore.webchannel.FirestoreV1WebChannelAdapter$FirestoreServerHandler doChannel
WARNING: failed to set up stream
java.lang.IllegalArgumentException: Invalid app id
	at com.google.cloud.datastore.core.names.ProjectIds.parseAppId(ProjectIds.java:165)
	at com.google.cloud.datastore.core.rep.DatabaseRef.createForApp(DatabaseRef.java:161)
	at com.google.cloud.datastore.core.firestorev1.converter.FirestoreV1ResourceRefToRepConverter.parseDatabaseRef(FirestoreV1ResourceRefToRepConverter.java:254)
	at com.google.cloud.datastore.core.firestorev1.converter.FirestoreV1ResourceRefToRepConverter.convertDatabaseRefHelper(FirestoreV1ResourceRefToRepConverter.java:165)
	at com.google.cloud.datastore.core.firestorev1.converter.FirestoreV1ResourceRefToRepConverter.convertDatabaseRefServiceRelative(FirestoreV1ResourceRefToRepConverter.java:157)
	at com.google.cloud.datastore.emulator.impl.util.FirestoreEmulatorConverters.toDatabaseRef(FirestoreEmulatorConverters.java:468)
	at com.google.cloud.datastore.emulator.impl.CloudFirestoreV1Router.databaseRefFromContext(CloudFirestoreV1Router.java:249)
	at com.google.cloud.datastore.emulator.impl.CloudFirestoreV1Router.listenStream(CloudFirestoreV1Router.java:159)
	at com.google.cloud.datastore.emulator.firestore.webchannel.FirestoreV1WebChannelAdapter$FirestoreListenHandler.<init>(FirestoreV1WebChannelAdapter.java:152)
	at com.google.cloud.datastore.emulator.firestore.webchannel.FirestoreV1WebChannelAdapter$FirestoreListenHandler.<init>(FirestoreV1WebChannelAdapter.java:145)
	at com.google.cloud.datastore.emulator.firestore.webchannel.FirestoreV1WebChannelAdapter$FirestoreServerHandler.lambda$wrapper$2(FirestoreV1WebChannelAdapter.java:100)
	at io.grpc.Context.run(Context.java:549)
	at com.google.cloud.datastore.emulator.firestore.webchannel.FirestoreV1WebChannelAdapter$FirestoreServerHandler.wrapper(FirestoreV1WebChannelAdapter.java:94)
	at com.google.cloud.datastore.emulator.firestore.webchannel.FirestoreV1WebChannelAdapter$FirestoreServerHandler.doChannel(FirestoreV1WebChannelAdapter.java:69)
	at com.google.net.webchannel.server.v8.HttpServerHandlerImpl.doTransaction(HttpServerHandlerImpl.java:62)
	at com.google.net.http.jdkserver.HttpServerSupportInternal$HandlerInternal.handle(HttpServerSupportInternal.java:21)
	at jdk.httpserver/com.sun.net.httpserver.Filter$Chain.doFilter(Filter.java:77)
	at jdk.httpserver/sun.net.httpserver.AuthFilter.doFilter(AuthFilter.java:82)
	at jdk.httpserver/com.sun.net.httpserver.Filter$Chain.doFilter(Filter.java:80)
	at jdk.httpserver/sun.net.httpserver.ServerImpl$Exchange$LinkHandler.handle(ServerImpl.java:692)
	at jdk.httpserver/com.sun.net.httpserver.Filter$Chain.doFilter(Filter.java:77)
	at jdk.httpserver/sun.net.httpserver.ServerImpl$Exchange.run(ServerImpl.java:664)
	at java.base/java.util.concurrent.ThreadPoolExecutor.runWorker(ThreadPoolExecutor.java:1128)
	at java.base/java.util.concurrent.ThreadPoolExecutor$Worker.run(ThreadPoolExecutor.java:628)
	at java.base/java.lang.Thread.run(Thread.java:834)

 {"metadata":{"emulator":{"name":"firestore"},"message":"Jan 02, 2021 9:23:43 AM com.google.cloud.datastore.emulator.firestore.webchannel.FirestoreV1WebChannelAdapter$FirestoreServerHandler doChannel\nWARNING: failed to set up stream\njava.lang.IllegalArgumentException: Invalid app id\n\tat com.google.cloud.datastore.core.names.ProjectIds.parseAppId(ProjectIds.java:165)\n\tat com.google.cloud.datastore.core.rep.DatabaseRef.createForApp(DatabaseRef.java:161)\n\tat com.google.cloud.datastore.core.firestorev1.converter.FirestoreV1ResourceRefToRepConverter.parseDatabaseRef(FirestoreV1ResourceRefToRepConverter.java:254)\n\tat com.google.cloud.datastore.core.firestorev1.converter.FirestoreV1ResourceRefToRepConverter.convertDatabaseRefHelper(FirestoreV1ResourceRefToRepConverter.java:165)\n\tat com.google.cloud.datastore.core.firestorev1.converter.FirestoreV1ResourceRefToRepConverter.convertDatabaseRefServiceRelative(FirestoreV1ResourceRefToRepConverter.java:157)\n\tat com.google.cloud.datastore.emulator.impl.util.FirestoreEmulatorConverters.toDatabaseRef(FirestoreEmulatorConverters.java:468)\n\tat com.google.cloud.datastore.emulator.impl.CloudFirestoreV1Router.databaseRefFromContext(CloudFirestoreV1Router.java:249)\n\tat com.google.cloud.datastore.emulator.impl.CloudFirestoreV1Router.listenStream(CloudFirestoreV1Router.java:159)\n\tat com.google.cloud.datastore.emulator.firestore.webchannel.FirestoreV1WebChannelAdapter$FirestoreListenHandler.<init>(FirestoreV1WebChannelAdapter.java:152)\n\tat com.google.cloud.datastore.emulator.firestore.webchannel.FirestoreV1WebChannelAdapter$FirestoreListenHandler.<init>(FirestoreV1WebChannelAdapter.java:145)\n\tat com.google.cloud.datastore.emulator.firestore.webchannel.FirestoreV1WebChannelAdapter$FirestoreServerHandler.lambda$wrapper$2(FirestoreV1WebChannelAdapter.java:100)\n\tat io.grpc.Context.run(Context.java:549)\n\tat com.google.cloud.datastore.emulator.firestore.webchannel.FirestoreV1WebChannelAdapter$FirestoreServerHandler.wrapper(FirestoreV1WebChannelAdapter.java:94)\n\tat com.google.cloud.datastore.emulator.firestore.webchannel.FirestoreV1WebChannelAdapter$FirestoreServerHandler.doChannel(FirestoreV1WebChannelAdapter.java:69)\n\tat com.google.net.webchannel.server.v8.HttpServerHandlerImpl.doTransaction(HttpServerHandlerImpl.java:62)\n\tat com.google.net.http.jdkserver.HttpServerSupportInternal$HandlerInternal.handle(HttpServerSupportInternal.java:21)\n\tat jdk.httpserver/com.sun.net.httpserver.Filter$Chain.doFilter(Filter.java:77)\n\tat jdk.httpserver/sun.net.httpserver.AuthFilter.doFilter(AuthFilter.java:82)\n\tat jdk.httpserver/com.sun.net.httpserver.Filter$Chain.doFilter(Filter.java:80)\n\tat jdk.httpserver/sun.net.httpserver.ServerImpl$Exchange$LinkHandler.handle(ServerImpl.java:692)\n\tat jdk.httpserver/com.sun.net.httpserver.Filter$Chain.doFilter(Filter.java:77)\n\tat jdk.httpserver/sun.net.httpserver.ServerImpl$Exchange.run(ServerImpl.java:664)\n\tat java.base/java.util.concurrent.ThreadPoolExecutor.runWorker(ThreadPoolExecutor.java:1128)\n\tat java.base/java.util.concurrent.ThreadPoolExecutor$Worker.run(ThreadPoolExecutor.java:628)\n\tat java.base/java.lang.Thread.run(Thread.java:834)\n\n"}}
[debug] [2021-01-02T14:23:43.553Z] <<< HTTP RESPONSE 200 {"content-type":"application/json; charset=UTF-8","vary":"X-Origin, Referer, Origin,Accept-Encoding","date":"Sat, 02 Jan 2021 14:23:43 GMT","server":"ESF","cache-control":"private","x-xss-protection":"0","x-frame-options":"SAMEORIGIN","x-content-type-options":"nosniff","alt-svc":"h3-29=\":443\"; ma=2592000,h3-T051=\":443\"; ma=2592000,h3-Q050=\":443\"; ma=2592000,h3-Q046=\":443\"; ma=2592000,h3-Q043=\":443\"; ma=2592000,quic=\":443\"; ma=2592000; v=\"46,43\"","accept-ranges":"none","transfer-encoding":"chunked"}
[info] i  hosting: Serving hosting files from: build {"metadata":{"emulator":{"name":"hosting"},"message":"Serving hosting files from: \u001b[1mbuild\u001b[22m"}}
[info] ✔  hosting: Local server: http://localhost:5000 {"metadata":{"emulator":{"name":"hosting"},"message":"Local server: \u001b[4m\u001b[1mhttp://localhost:5000\u001b[22m\u001b[24m"}}
[debug] [2021-01-02T14:23:43.865Z] Ignoring unsupported arg: auto_download {"metadata":{"emulator":{"name":"ui"},"message":"Ignoring unsupported arg: auto_download"}}
[debug] [2021-01-02T14:23:43.865Z] Ignoring unsupported arg: port {"metadata":{"emulator":{"name":"ui"},"message":"Ignoring unsupported arg: port"}}
[debug] [2021-01-02T14:23:43.865Z] Starting Emulator UI with command {"binary":"node","args":["/Users/donnie/.cache/firebase/emulators/ui-v1.4.0/server.bundle.js"],"optionalArgs":[],"joinArgs":false} {"metadata":{"emulator":{"name":"ui"},"message":"Starting Emulator UI with command {\"binary\":\"node\",\"args\":[\"/Users/donnie/.cache/firebase/emulators/ui-v1.4.0/server.bundle.js\"],\"optionalArgs\":[],\"joinArgs\":false}"}}
[info] i  ui: Emulator UI logging to ui-debug.log {"metadata":{"emulator":{"name":"ui"},"message":"Emulator UI logging to \u001b[1mui-debug.log\u001b[22m"}}
[debug] [2021-01-02T14:23:43.979Z] Web / API server started at http://localhost:4000
 {"metadata":{"emulator":{"name":"ui"},"message":"Web / API server started at http://localhost:4000\n"}}
[info] i  functions: Watching "/Users/donnie/code/parledger/functions" for Cloud Functions... {"metadata":{"emulator":{"name":"functions"},"message":"Watching \"/Users/donnie/code/parledger/functions\" for Cloud Functions..."}}
[debug] [2021-01-02T14:23:44.174Z] [worker-pool] addWorker(~diagnostic~) {"metadata":{"emulator":{"name":"functions"},"message":"[worker-pool] addWorker(~diagnostic~)"}}
[debug] [2021-01-02T14:23:44.175Z] [worker-pool] Adding worker with key ~diagnostic~, total=1 {"metadata":{"emulator":{"name":"functions"},"message":"[worker-pool] Adding worker with key ~diagnostic~, total=1"}}
[debug] [2021-01-02T14:23:44.175Z] [worker-pool] submitWork(triggerId=) {"metadata":{"emulator":{"name":"functions"},"message":"[worker-pool] submitWork(triggerId=)"}}
[debug] [2021-01-02T14:23:44.175Z] [worker-~diagnostic~-eeccb472-8242-4414-b478-d21970d9b783]: Assigning socketPath: /var/folders/9j/wn2dp5xj4fzbj2kj0sjgn2hc0000gn/T/fire_emu_17824.sock {"metadata":{"emulator":{"name":"functions"},"message":"[worker-~diagnostic~-eeccb472-8242-4414-b478-d21970d9b783]: Assigning socketPath: /var/folders/9j/wn2dp5xj4fzbj2kj0sjgn2hc0000gn/T/fire_emu_17824.sock"}}
[debug] [2021-01-02T14:23:44.176Z] [worker-~diagnostic~-eeccb472-8242-4414-b478-d21970d9b783]: BUSY {"metadata":{"emulator":{"name":"functions"},"message":"[worker-~diagnostic~-eeccb472-8242-4414-b478-d21970d9b783]: BUSY"}}
[debug] [2021-01-02T14:23:44.294Z] [runtime-status] [17824] Functions runtime initialized. {"cwd":"/Users/donnie/code/parledger/functions","node_version":"14.15.1"} {"metadata":{"emulator":{"name":"functions"},"message":"[runtime-status] [17824] Functions runtime initialized. {\"cwd\":\"/Users/donnie/code/parledger/functions\",\"node_version\":\"14.15.1\"}"}}
[debug] [2021-01-02T14:23:44.294Z] [runtime-status] [17824] Disabled runtime features: undefined {"metadata":{"emulator":{"name":"functions"},"message":"[runtime-status] [17824] Disabled runtime features: undefined"}}
[debug] [2021-01-02T14:23:44.298Z] [runtime-status] [17824] Resolved module firebase-admin {"declared":true,"installed":true,"version":"8.13.0","resolution":"/Users/donnie/code/parledger/functions/node_modules/firebase-admin/lib/index.js"} {"metadata":{"emulator":{"name":"functions"},"message":"[runtime-status] [17824] Resolved module firebase-admin {\"declared\":true,\"installed\":true,\"version\":\"8.13.0\",\"resolution\":\"/Users/donnie/code/parledger/functions/node_modules/firebase-admin/lib/index.js\"}"}}
[debug] [2021-01-02T14:23:44.299Z] [runtime-status] [17824] Resolved module firebase-functions {"declared":true,"installed":true,"version":"3.13.0","resolution":"/Users/donnie/code/parledger/functions/node_modules/firebase-functions/lib/index.js"} {"metadata":{"emulator":{"name":"functions"},"message":"[runtime-status] [17824] Resolved module firebase-functions {\"declared\":true,\"installed\":true,\"version\":\"3.13.0\",\"resolution\":\"/Users/donnie/code/parledger/functions/node_modules/firebase-functions/lib/index.js\"}"}}
[debug] [2021-01-02T14:23:44.300Z] [runtime-status] [17824] Found local functions config: /Users/donnie/code/parledger/functions/.runtimeconfig.json {"metadata":{"emulator":{"name":"functions"},"message":"[runtime-status] [17824] Found local functions config: /Users/donnie/code/parledger/functions/.runtimeconfig.json"}}
[debug] [2021-01-02T14:23:44.301Z] [runtime-status] [17824] Resolved module firebase-functions {"declared":true,"installed":true,"version":"3.13.0","resolution":"/Users/donnie/code/parledger/functions/node_modules/firebase-functions/lib/index.js"} {"metadata":{"emulator":{"name":"functions"},"message":"[runtime-status] [17824] Resolved module firebase-functions {\"declared\":true,\"installed\":true,\"version\":\"3.13.0\",\"resolution\":\"/Users/donnie/code/parledger/functions/node_modules/firebase-functions/lib/index.js\"}"}}
[debug] [2021-01-02T14:23:44.302Z] [runtime-status] [17824] Outgoing network have been stubbed. [{"name":"http","status":"mocked"},{"name":"http","status":"mocked"},{"name":"https","status":"mocked"},{"name":"https","status":"mocked"},{"name":"net","status":"mocked"}] {"metadata":{"emulator":{"name":"functions"},"message":"[runtime-status] [17824] Outgoing network have been stubbed. [{\"name\":\"http\",\"status\":\"mocked\"},{\"name\":\"http\",\"status\":\"mocked\"},{\"name\":\"https\",\"status\":\"mocked\"},{\"name\":\"https\",\"status\":\"mocked\"},{\"name\":\"net\",\"status\":\"mocked\"}]"}}
[debug] [2021-01-02T14:23:44.302Z] [runtime-status] [17824] Resolved module firebase-functions {"declared":true,"installed":true,"version":"3.13.0","resolution":"/Users/donnie/code/parledger/functions/node_modules/firebase-functions/lib/index.js"} {"metadata":{"emulator":{"name":"functions"},"message":"[runtime-status] [17824] Resolved module firebase-functions {\"declared\":true,\"installed\":true,\"version\":\"3.13.0\",\"resolution\":\"/Users/donnie/code/parledger/functions/node_modules/firebase-functions/lib/index.js\"}"}}
[debug] [2021-01-02T14:23:44.328Z] [runtime-status] [17824] Checked functions.config() {"config":{"storage":{"bucket":"ledgerdotbet-dev.appspot.com"}}} {"metadata":{"emulator":{"name":"functions"},"message":"[runtime-status] [17824] Checked functions.config() {\"config\":{\"storage\":{\"bucket\":\"ledgerdotbet-dev.appspot.com\"}}}"}}
[debug] [2021-01-02T14:23:44.329Z] [runtime-status] [17824] firebase-functions has been stubbed. {"functionsResolution":{"declared":true,"installed":true,"version":"3.13.0","resolution":"/Users/donnie/code/parledger/functions/node_modules/firebase-functions/lib/index.js"}} {"metadata":{"emulator":{"name":"functions"},"message":"[runtime-status] [17824] firebase-functions has been stubbed. {\"functionsResolution\":{\"declared\":true,\"installed\":true,\"version\":\"3.13.0\",\"resolution\":\"/Users/donnie/code/parledger/functions/node_modules/firebase-functions/lib/index.js\"}}"}}
[debug] [2021-01-02T14:23:44.329Z] [runtime-status] [17824] Resolved module firebase-functions {"declared":true,"installed":true,"version":"3.13.0","resolution":"/Users/donnie/code/parledger/functions/node_modules/firebase-functions/lib/index.js"} {"metadata":{"emulator":{"name":"functions"},"message":"[runtime-status] [17824] Resolved module firebase-functions {\"declared\":true,\"installed\":true,\"version\":\"3.13.0\",\"resolution\":\"/Users/donnie/code/parledger/functions/node_modules/firebase-functions/lib/index.js\"}"}}
[debug] [2021-01-02T14:23:44.329Z] [runtime-status] [17824] Resolved module firebase-admin {"declared":true,"installed":true,"version":"8.13.0","resolution":"/Users/donnie/code/parledger/functions/node_modules/firebase-admin/lib/index.js"} {"metadata":{"emulator":{"name":"functions"},"message":"[runtime-status] [17824] Resolved module firebase-admin {\"declared\":true,\"installed\":true,\"version\":\"8.13.0\",\"resolution\":\"/Users/donnie/code/parledger/functions/node_modules/firebase-admin/lib/index.js\"}"}}
[debug] [2021-01-02T14:23:44.329Z] [runtime-status] [17824] Resolved module firebase-functions {"declared":true,"installed":true,"version":"3.13.0","resolution":"/Users/donnie/code/parledger/functions/node_modules/firebase-functions/lib/index.js"} {"metadata":{"emulator":{"name":"functions"},"message":"[runtime-status] [17824] Resolved module firebase-functions {\"declared\":true,\"installed\":true,\"version\":\"3.13.0\",\"resolution\":\"/Users/donnie/code/parledger/functions/node_modules/firebase-functions/lib/index.js\"}"}}
[debug] [2021-01-02T14:23:44.329Z] [runtime-status] [17824] firebase-admin has been stubbed. {"adminResolution":{"declared":true,"installed":true,"version":"8.13.0","resolution":"/Users/donnie/code/parledger/functions/node_modules/firebase-admin/lib/index.js"}} {"metadata":{"emulator":{"name":"functions"},"message":"[runtime-status] [17824] firebase-admin has been stubbed. {\"adminResolution\":{\"declared\":true,\"installed\":true,\"version\":\"8.13.0\",\"resolution\":\"/Users/donnie/code/parledger/functions/node_modules/firebase-admin/lib/index.js\"}}"}}
[debug] [2021-01-02T14:23:44.347Z] [runtime-status] [17824] initializeApp(DEFAULT) {"storageBucket":"ledgerdotbet-dev.appspot.com"} {"metadata":{"emulator":{"name":"functions"},"message":"[runtime-status] [17824] initializeApp(DEFAULT) {\"storageBucket\":\"ledgerdotbet-dev.appspot.com\"}"}}
[info] ✔  functions[createGroup]: http function initialized (http://localhost:5001/ledgerdotbet-dev/us-central1/createGroup). {"metadata":{"emulator":{"name":"functions"},"message":"\u001b[1mhttp\u001b[22m function initialized (http://localhost:5001/ledgerdotbet-dev/us-central1/createGroup)."}}
[info] ✔  functions[joinGroup]: http function initialized (http://localhost:5001/ledgerdotbet-dev/us-central1/joinGroup). {"metadata":{"emulator":{"name":"functions"},"message":"\u001b[1mhttp\u001b[22m function initialized (http://localhost:5001/ledgerdotbet-dev/us-central1/joinGroup)."}}
[info] ✔  functions[createWager]: http function initialized (http://localhost:5001/ledgerdotbet-dev/us-central1/createWager). {"metadata":{"emulator":{"name":"functions"},"message":"\u001b[1mhttp\u001b[22m function initialized (http://localhost:5001/ledgerdotbet-dev/us-central1/createWager)."}}
[info] ✔  functions[createOpenWager]: http function initialized (http://localhost:5001/ledgerdotbet-dev/us-central1/createOpenWager). {"metadata":{"emulator":{"name":"functions"},"message":"\u001b[1mhttp\u001b[22m function initialized (http://localhost:5001/ledgerdotbet-dev/us-central1/createOpenWager)."}}
[info] ✔  functions[confirmWager]: http function initialized (http://localhost:5001/ledgerdotbet-dev/us-central1/confirmWager). {"metadata":{"emulator":{"name":"functions"},"message":"\u001b[1mhttp\u001b[22m function initialized (http://localhost:5001/ledgerdotbet-dev/us-central1/confirmWager)."}}
[info] ✔  functions[isValidInvitation]: http function initialized (http://localhost:5001/ledgerdotbet-dev/us-central1/isValidInvitation). {"metadata":{"emulator":{"name":"functions"},"message":"\u001b[1mhttp\u001b[22m function initialized (http://localhost:5001/ledgerdotbet-dev/us-central1/isValidInvitation)."}}
[info] i  functions[getEventsFromBovada]: function ignored because the pubsub emulator does not exist or is not running. {"metadata":{"emulator":{"name":"functions"},"message":"function ignored because the pubsub emulator does not exist or is not running."}}
[info] ✔  functions[manuallyUpdateBovadaEvents]: http function initialized (http://localhost:5001/ledgerdotbet-dev/us-central1/manuallyUpdateBovadaEvents). {"metadata":{"emulator":{"name":"functions"},"message":"\u001b[1mhttp\u001b[22m function initialized (http://localhost:5001/ledgerdotbet-dev/us-central1/manuallyUpdateBovadaEvents)."}}
[info] 
┌─────────────────────────────────────────────────────────────┐
│ ✔  All emulators ready! It is now safe to connect your app. │
│ i  View Emulator UI at http://localhost:4000                │
└─────────────────────────────────────────────────────────────┘

┌───────────┬────────────────┬─────────────────────────────────┐
│ Emulator  │ Host:Port      │ View in Emulator UI             │
├───────────┼────────────────┼─────────────────────────────────┤
│ Functions │ localhost:5001 │ http://localhost:4000/functions │
├───────────┼────────────────┼─────────────────────────────────┤
│ Firestore │ localhost:8080 │ http://localhost:4000/firestore │
├───────────┼────────────────┼─────────────────────────────────┤
│ Hosting   │ localhost:5000 │ n/a                             │
└───────────┴────────────────┴─────────────────────────────────┘
  Emulator Hub running at localhost:4400
  Other reserved ports: 4500

Issues? Report them at https://github.com/firebase/firebase-tools/issues and attach the *-debug.log files.
 
[debug] [2021-01-02T14:23:44.528Z] [worker-~diagnostic~-eeccb472-8242-4414-b478-d21970d9b783]: IDLE {"metadata":{"emulator":{"name":"functions"},"message":"[worker-~diagnostic~-eeccb472-8242-4414-b478-d21970d9b783]: IDLE"}}
[debug] [2021-01-02T14:23:44.837Z] Jan 02, 2021 9:23:44 AM io.gapi.emulators.netty.HttpVersionRoutingHandler channelRead
INFO: Detected non-HTTP/2 connection.
 {"metadata":{"emulator":{"name":"firestore"},"message":"Jan 02, 2021 9:23:44 AM io.gapi.emulators.netty.HttpVersionRoutingHandler channelRead\nINFO: Detected non-HTTP/2 connection.\n"}}
[debug] [2021-01-02T14:23:45.859Z] Jan 02, 2021 9:23:45 AM io.gapi.emulators.netty.HttpVersionRoutingHandler channelRead
INFO: Detected non-HTTP/2 connection.
 {"metadata":{"emulator":{"name":"firestore"},"message":"Jan 02, 2021 9:23:45 AM io.gapi.emulators.netty.HttpVersionRoutingHandler channelRead\nINFO: Detected non-HTTP/2 connection.\n"}}
[debug] [2021-01-02T14:23:45.906Z] Jan 02, 2021 9:23:45 AM io.gapi.emulators.netty.HttpVersionRoutingHandler channelRead
INFO: Detected non-HTTP/2 connection.
 {"metadata":{"emulator":{"name":"firestore"},"message":"Jan 02, 2021 9:23:45 AM io.gapi.emulators.netty.HttpVersionRoutingHandler channelRead\nINFO: Detected non-HTTP/2 connection.\n"}}
[debug] [2021-01-02T14:24:27.510Z] Jan 02, 2021 9:24:27 AM io.gapi.emulators.netty.HttpVersionRoutingHandler channelRead
INFO: Detected non-HTTP/2 connection.
 {"metadata":{"emulator":{"name":"firestore"},"message":"Jan 02, 2021 9:24:27 AM io.gapi.emulators.netty.HttpVersionRoutingHandler channelRead\nINFO: Detected non-HTTP/2 connection.\n"}}
[debug] [2021-01-02T14:24:27.556Z] Jan 02, 2021 9:24:27 AM com.google.cloud.datastore.emulator.firestore.webchannel.FirestoreV1WebChannelAdapter$FirestoreServerHandler doChannel
WARNING: failed to set up stream
java.lang.IllegalArgumentException: Invalid app id
	at com.google.cloud.datastore.core.names.ProjectIds.parseAppId(ProjectIds.java:165)
	at com.google.cloud.datastore.core.rep.DatabaseRef.createForApp(DatabaseRef.java:161)
	at com.google.cloud.datastore.core.firestorev1.converter.FirestoreV1ResourceRefToRepConverter.parseDatabaseRef(FirestoreV1ResourceRefToRepConverter.java:254)
	at com.google.cloud.datastore.core.firestorev1.converter.FirestoreV1ResourceRefToRepConverter.convertDatabaseRefHelper(FirestoreV1ResourceRefToRepConverter.java:165)
	at com.google.cloud.datastore.core.firestorev1.converter.FirestoreV1ResourceRefToRepConverter.convertDatabaseRefServiceRelative(FirestoreV1ResourceRefToRepConverter.java:157)
	at com.google.cloud.datastore.emulator.impl.util.FirestoreEmulatorConverters.toDatabaseRef(FirestoreEmulatorConverters.java:468)
	at com.google.cloud.datastore.emulator.impl.CloudFirestoreV1Router.databaseRefFromContext(CloudFirestoreV1Router.java:249)
	at com.google.cloud.datastore.emulator.impl.CloudFirestoreV1Router.listenStream(CloudFirestoreV1Router.java:159)
	at com.google.cloud.datastore.emulator.firestore.webchannel.FirestoreV1WebChannelAdapter$FirestoreListenHandler.<init>(FirestoreV1WebChannelAdapter.java:152)
	at com.google.cloud.datastore.emulator.firestore.webchannel.FirestoreV1WebChannelAdapter$FirestoreListenHandler.<init>(FirestoreV1WebChannelAdapter.java:145)
	at com.google.cloud.datastore.emulator.firestore.webchannel.FirestoreV1WebChannelAdapter$FirestoreServerHandler.lambda$wrapper$2(FirestoreV1WebChannelAdapter.java:100)
	at io.grpc.Context.run(Context.java:549)
	at com.google.cloud.datastore.emulator.firestore.webchannel.FirestoreV1WebChannelAdapter$FirestoreServerHandler.wrapper(FirestoreV1WebChannelAdapter.java:94)
	at com.google.cloud.datastore.emulator.firestore.webchannel.FirestoreV1WebChannelAdapter$FirestoreServerHandler.doChannel(FirestoreV1WebChannelAdapter.java:69)
	at com.google.net.webchannel.server.v8.HttpServerHandlerImpl.doTransaction(HttpServerHandlerImpl.java:62)
	at com.google.net.http.jdkserver.HttpServerSupportInternal$HandlerInternal.handle(HttpServerSupportInternal.java:21)
	at jdk.httpserver/com.sun.net.httpserver.Filter$Chain.doFilter(Filter.java:77)
	at jdk.httpserver/sun.net.httpserver.AuthFilter.doFilter(AuthFilter.java:82)
	at jdk.httpserver/com.sun.net.httpserver.Filter$Chain.doFilter(Filter.java:80)
	at jdk.httpserver/sun.net.httpserver.ServerImpl$Exchange$LinkHandler.handle(ServerImpl.java:692)
	at jdk.httpserver/com.sun.net.httpserver.Filter$Chain.doFilter(Filter.java:77)
	at jdk.httpserver/sun.net.httpserver.ServerImpl$Exchange.run(ServerImpl.java:664)
	at java.base/java.util.concurrent.ThreadPoolExecutor.runWorker(ThreadPoolExecutor.java:1128)
	at java.base/java.util.concurrent.ThreadPoolExecutor$Worker.run(ThreadPoolExecutor.java:628)
	at java.base/java.lang.Thread.run(Thread.java:834)

 {"metadata":{"emulator":{"name":"firestore"},"message":"Jan 02, 2021 9:24:27 AM com.google.cloud.datastore.emulator.firestore.webchannel.FirestoreV1WebChannelAdapter$FirestoreServerHandler doChannel\nWARNING: failed to set up stream\njava.lang.IllegalArgumentException: Invalid app id\n\tat com.google.cloud.datastore.core.names.ProjectIds.parseAppId(ProjectIds.java:165)\n\tat com.google.cloud.datastore.core.rep.DatabaseRef.createForApp(DatabaseRef.java:161)\n\tat com.google.cloud.datastore.core.firestorev1.converter.FirestoreV1ResourceRefToRepConverter.parseDatabaseRef(FirestoreV1ResourceRefToRepConverter.java:254)\n\tat com.google.cloud.datastore.core.firestorev1.converter.FirestoreV1ResourceRefToRepConverter.convertDatabaseRefHelper(FirestoreV1ResourceRefToRepConverter.java:165)\n\tat com.google.cloud.datastore.core.firestorev1.converter.FirestoreV1ResourceRefToRepConverter.convertDatabaseRefServiceRelative(FirestoreV1ResourceRefToRepConverter.java:157)\n\tat com.google.cloud.datastore.emulator.impl.util.FirestoreEmulatorConverters.toDatabaseRef(FirestoreEmulatorConverters.java:468)\n\tat com.google.cloud.datastore.emulator.impl.CloudFirestoreV1Router.databaseRefFromContext(CloudFirestoreV1Router.java:249)\n\tat com.google.cloud.datastore.emulator.impl.CloudFirestoreV1Router.listenStream(CloudFirestoreV1Router.java:159)\n\tat com.google.cloud.datastore.emulator.firestore.webchannel.FirestoreV1WebChannelAdapter$FirestoreListenHandler.<init>(FirestoreV1WebChannelAdapter.java:152)\n\tat com.google.cloud.datastore.emulator.firestore.webchannel.FirestoreV1WebChannelAdapter$FirestoreListenHandler.<init>(FirestoreV1WebChannelAdapter.java:145)\n\tat com.google.cloud.datastore.emulator.firestore.webchannel.FirestoreV1WebChannelAdapter$FirestoreServerHandler.lambda$wrapper$2(FirestoreV1WebChannelAdapter.java:100)\n\tat io.grpc.Context.run(Context.java:549)\n\tat com.google.cloud.datastore.emulator.firestore.webchannel.FirestoreV1WebChannelAdapter$FirestoreServerHandler.wrapper(FirestoreV1WebChannelAdapter.java:94)\n\tat com.google.cloud.datastore.emulator.firestore.webchannel.FirestoreV1WebChannelAdapter$FirestoreServerHandler.doChannel(FirestoreV1WebChannelAdapter.java:69)\n\tat com.google.net.webchannel.server.v8.HttpServerHandlerImpl.doTransaction(HttpServerHandlerImpl.java:62)\n\tat com.google.net.http.jdkserver.HttpServerSupportInternal$HandlerInternal.handle(HttpServerSupportInternal.java:21)\n\tat jdk.httpserver/com.sun.net.httpserver.Filter$Chain.doFilter(Filter.java:77)\n\tat jdk.httpserver/sun.net.httpserver.AuthFilter.doFilter(AuthFilter.java:82)\n\tat jdk.httpserver/com.sun.net.httpserver.Filter$Chain.doFilter(Filter.java:80)\n\tat jdk.httpserver/sun.net.httpserver.ServerImpl$Exchange$LinkHandler.handle(ServerImpl.java:692)\n\tat jdk.httpserver/com.sun.net.httpserver.Filter$Chain.doFilter(Filter.java:77)\n\tat jdk.httpserver/sun.net.httpserver.ServerImpl$Exchange.run(ServerImpl.java:664)\n\tat java.base/java.util.concurrent.ThreadPoolExecutor.runWorker(ThreadPoolExecutor.java:1128)\n\tat java.base/java.util.concurrent.ThreadPoolExecutor$Worker.run(ThreadPoolExecutor.java:628)\n\tat java.base/java.lang.Thread.run(Thread.java:834)\n\n"}}
[debug] [2021-01-02T14:24:46.003Z] Jan 02, 2021 9:24:46 AM io.gapi.emulators.netty.HttpVersionRoutingHandler channelRead
INFO: Detected non-HTTP/2 connection.
 {"metadata":{"emulator":{"name":"firestore"},"message":"Jan 02, 2021 9:24:46 AM io.gapi.emulators.netty.HttpVersionRoutingHandler channelRead\nINFO: Detected non-HTTP/2 connection.\n"}}
[debug] [2021-01-02T14:24:56.787Z] Jan 02, 2021 9:24:56 AM io.gapi.emulators.netty.HttpVersionRoutingHandler channelRead
INFO: Detected non-HTTP/2 connection.
 {"metadata":{"emulator":{"name":"firestore"},"message":"Jan 02, 2021 9:24:56 AM io.gapi.emulators.netty.HttpVersionRoutingHandler channelRead\nINFO: Detected non-HTTP/2 connection.\n"}}
[debug] [2021-01-02T14:24:56.802Z] Jan 02, 2021 9:24:56 AM com.google.cloud.datastore.emulator.firestore.webchannel.FirestoreV1WebChannelAdapter$FirestoreServerHandler doChannel
WARNING: failed to set up stream
java.lang.IllegalArgumentException: Invalid app id
	at com.google.cloud.datastore.core.names.ProjectIds.parseAppId(ProjectIds.java:165)
	at com.google.cloud.datastore.core.rep.DatabaseRef.createForApp(DatabaseRef.java:161)
	at com.google.cloud.datastore.core.firestorev1.converter.FirestoreV1ResourceRefToRepConverter.parseDatabaseRef(FirestoreV1ResourceRefToRepConverter.java:254)
	at com.google.cloud.datastore.core.firestorev1.converter.FirestoreV1ResourceRefToRepConverter.convertDatabaseRefHelper(FirestoreV1ResourceRefToRepConverter.java:165)
	at com.google.cloud.datastore.core.firestorev1.converter.FirestoreV1ResourceRefToRepConverter.convertDatabaseRefServiceRelative(FirestoreV1ResourceRefToRepConverter.java:157)
	at com.google.cloud.datastore.emulator.impl.util.FirestoreEmulatorConverters.toDatabaseRef(FirestoreEmulatorConverters.java:468)
	at com.google.cloud.datastore.emulator.impl.CloudFirestoreV1Router.databaseRefFromContext(CloudFirestoreV1Router.java:249)
	at com.google.cloud.datastore.emulator.impl.CloudFirestoreV1Router.listenStream(CloudFirestoreV1Router.java:159)
	at com.google.cloud.datastore.emulator.firestore.webchannel.FirestoreV1WebChannelAdapter$FirestoreListenHandler.<init>(FirestoreV1WebChannelAdapter.java:152)
	at com.google.cloud.datastore.emulator.firestore.webchannel.FirestoreV1WebChannelAdapter$FirestoreListenHandler.<init>(FirestoreV1WebChannelAdapter.java:145)
	at com.google.cloud.datastore.emulator.firestore.webchannel.FirestoreV1WebChannelAdapter$FirestoreServerHandler.lambda$wrapper$2(FirestoreV1WebChannelAdapter.java:100)
	at io.grpc.Context.run(Context.java:549)
	at com.google.cloud.datastore.emulator.firestore.webchannel.FirestoreV1WebChannelAdapter$FirestoreServerHandler.wrapper(FirestoreV1WebChannelAdapter.java:94)
	at com.google.cloud.datastore.emulator.firestore.webchannel.FirestoreV1WebChannelAdapter$FirestoreServerHandler.doChannel(FirestoreV1WebChannelAdapter.java:69)
	at com.google.net.webchannel.server.v8.HttpServerHandlerImpl.doTransaction(HttpServerHandlerImpl.java:62)
	at com.google.net.http.jdkserver.HttpServerSupportInternal$HandlerInternal.handle(HttpServerSupportInternal.java:21)
	at jdk.httpserver/com.sun.net.httpserver.Filter$Chain.doFilter(Filter.java:77)
	at jdk.httpserver/sun.net.httpserver.AuthFilter.doFilter(AuthFilter.java:82)
	at jdk.httpserver/com.sun.net.httpserver.Filter$Chain.doFilter(Filter.java:80)
	at jdk.httpserver/sun.net.httpserver.ServerImpl$Exchange$LinkHandler.handle(ServerImpl.java:692)
	at jdk.httpserver/com.sun.net.httpserver.Filter$Chain.doFilter(Filter.java:77)
	at jdk.httpserver/sun.net.httpserver.ServerImpl$Exchange.run(ServerImpl.java:664)
	at java.base/java.util.concurrent.ThreadPoolExecutor.runWorker(ThreadPoolExecutor.java:1128)
	at java.base/java.util.concurrent.ThreadPoolExecutor$Worker.run(ThreadPoolExecutor.java:628)
	at java.base/java.lang.Thread.run(Thread.java:834)

 {"metadata":{"emulator":{"name":"firestore"},"message":"Jan 02, 2021 9:24:56 AM com.google.cloud.datastore.emulator.firestore.webchannel.FirestoreV1WebChannelAdapter$FirestoreServerHandler doChannel\nWARNING: failed to set up stream\njava.lang.IllegalArgumentException: Invalid app id\n\tat com.google.cloud.datastore.core.names.ProjectIds.parseAppId(ProjectIds.java:165)\n\tat com.google.cloud.datastore.core.rep.DatabaseRef.createForApp(DatabaseRef.java:161)\n\tat com.google.cloud.datastore.core.firestorev1.converter.FirestoreV1ResourceRefToRepConverter.parseDatabaseRef(FirestoreV1ResourceRefToRepConverter.java:254)\n\tat com.google.cloud.datastore.core.firestorev1.converter.FirestoreV1ResourceRefToRepConverter.convertDatabaseRefHelper(FirestoreV1ResourceRefToRepConverter.java:165)\n\tat com.google.cloud.datastore.core.firestorev1.converter.FirestoreV1ResourceRefToRepConverter.convertDatabaseRefServiceRelative(FirestoreV1ResourceRefToRepConverter.java:157)\n\tat com.google.cloud.datastore.emulator.impl.util.FirestoreEmulatorConverters.toDatabaseRef(FirestoreEmulatorConverters.java:468)\n\tat com.google.cloud.datastore.emulator.impl.CloudFirestoreV1Router.databaseRefFromContext(CloudFirestoreV1Router.java:249)\n\tat com.google.cloud.datastore.emulator.impl.CloudFirestoreV1Router.listenStream(CloudFirestoreV1Router.java:159)\n\tat com.google.cloud.datastore.emulator.firestore.webchannel.FirestoreV1WebChannelAdapter$FirestoreListenHandler.<init>(FirestoreV1WebChannelAdapter.java:152)\n\tat com.google.cloud.datastore.emulator.firestore.webchannel.FirestoreV1WebChannelAdapter$FirestoreListenHandler.<init>(FirestoreV1WebChannelAdapter.java:145)\n\tat com.google.cloud.datastore.emulator.firestore.webchannel.FirestoreV1WebChannelAdapter$FirestoreServerHandler.lambda$wrapper$2(FirestoreV1WebChannelAdapter.java:100)\n\tat io.grpc.Context.run(Context.java:549)\n\tat com.google.cloud.datastore.emulator.firestore.webchannel.FirestoreV1WebChannelAdapter$FirestoreServerHandler.wrapper(FirestoreV1WebChannelAdapter.java:94)\n\tat com.google.cloud.datastore.emulator.firestore.webchannel.FirestoreV1WebChannelAdapter$FirestoreServerHandler.doChannel(FirestoreV1WebChannelAdapter.java:69)\n\tat com.google.net.webchannel.server.v8.HttpServerHandlerImpl.doTransaction(HttpServerHandlerImpl.java:62)\n\tat com.google.net.http.jdkserver.HttpServerSupportInternal$HandlerInternal.handle(HttpServerSupportInternal.java:21)\n\tat jdk.httpserver/com.sun.net.httpserver.Filter$Chain.doFilter(Filter.java:77)\n\tat jdk.httpserver/sun.net.httpserver.AuthFilter.doFilter(AuthFilter.java:82)\n\tat jdk.httpserver/com.sun.net.httpserver.Filter$Chain.doFilter(Filter.java:80)\n\tat jdk.httpserver/sun.net.httpserver.ServerImpl$Exchange$LinkHandler.handle(ServerImpl.java:692)\n\tat jdk.httpserver/com.sun.net.httpserver.Filter$Chain.doFilter(Filter.java:77)\n\tat jdk.httpserver/sun.net.httpserver.ServerImpl$Exchange.run(ServerImpl.java:664)\n\tat java.base/java.util.concurrent.ThreadPoolExecutor.runWorker(ThreadPoolExecutor.java:1128)\n\tat java.base/java.util.concurrent.ThreadPoolExecutor$Worker.run(ThreadPoolExecutor.java:628)\n\tat java.base/java.lang.Thread.run(Thread.java:834)\n\n"}}
[debug] [2021-01-02T14:25:41.804Z] Jan 02, 2021 9:25:41 AM io.gapi.emulators.netty.HttpVersionRoutingHandler channelRead
INFO: Detected non-HTTP/2 connection.
 {"metadata":{"emulator":{"name":"firestore"},"message":"Jan 02, 2021 9:25:41 AM io.gapi.emulators.netty.HttpVersionRoutingHandler channelRead\nINFO: Detected non-HTTP/2 connection.\n"}}
[debug] [2021-01-02T14:25:41.836Z] Jan 02, 2021 9:25:41 AM com.google.cloud.datastore.emulator.firestore.webchannel.FirestoreV1WebChannelAdapter$FirestoreServerHandler doChannel
WARNING: failed to set up stream
java.lang.IllegalArgumentException: Invalid app id
	at com.google.cloud.datastore.core.names.ProjectIds.parseAppId(ProjectIds.java:165)
	at com.google.cloud.datastore.core.rep.DatabaseRef.createForApp(DatabaseRef.java:161)
	at com.google.cloud.datastore.core.firestorev1.converter.FirestoreV1ResourceRefToRepConverter.parseDatabaseRef(FirestoreV1ResourceRefToRepConverter.java:254)
	at com.google.cloud.datastore.core.firestorev1.converter.FirestoreV1ResourceRefToRepConverter.convertDatabaseRefHelper(FirestoreV1ResourceRefToRepConverter.java:165)
	at com.google.cloud.datastore.core.firestorev1.converter.FirestoreV1ResourceRefToRepConverter.convertDatabaseRefServiceRelative(FirestoreV1ResourceRefToRepConverter.java:157)
	at com.google.cloud.datastore.emulator.impl.util.FirestoreEmulatorConverters.toDatabaseRef(FirestoreEmulatorConverters.java:468)
	at com.google.cloud.datastore.emulator.impl.CloudFirestoreV1Router.databaseRefFromContext(CloudFirestoreV1Router.java:249)
	at com.google.cloud.datastore.emulator.impl.CloudFirestoreV1Router.listenStream(CloudFirestoreV1Router.java:159)
	at com.google.cloud.datastore.emulator.firestore.webchannel.FirestoreV1WebChannelAdapter$FirestoreListenHandler.<init>(FirestoreV1WebChannelAdapter.java:152)
	at com.google.cloud.datastore.emulator.firestore.webchannel.FirestoreV1WebChannelAdapter$FirestoreListenHandler.<init>(FirestoreV1WebChannelAdapter.java:145)
	at com.google.cloud.datastore.emulator.firestore.webchannel.FirestoreV1WebChannelAdapter$FirestoreServerHandler.lambda$wrapper$2(FirestoreV1WebChannelAdapter.java:100)
	at io.grpc.Context.run(Context.java:549)
	at com.google.cloud.datastore.emulator.firestore.webchannel.FirestoreV1WebChannelAdapter$FirestoreServerHandler.wrapper(FirestoreV1WebChannelAdapter.java:94)
	at com.google.cloud.datastore.emulator.firestore.webchannel.FirestoreV1WebChannelAdapter$FirestoreServerHandler.doChannel(FirestoreV1WebChannelAdapter.java:69)
	at com.google.net.webchannel.server.v8.HttpServerHandlerImpl.doTransaction(HttpServerHandlerImpl.java:62)
	at com.google.net.http.jdkserver.HttpServerSupportInternal$HandlerInternal.handle(HttpServerSupportInternal.java:21)
	at jdk.httpserver/com.sun.net.httpserver.Filter$Chain.doFilter(Filter.java:77)
	at jdk.httpserver/sun.net.httpserver.AuthFilter.doFilter(AuthFilter.java:82)
	at jdk.httpserver/com.sun.net.httpserver.Filter$Chain.doFilter(Filter.java:80)
	at jdk.httpserver/sun.net.httpserver.ServerImpl$Exchange$LinkHandler.handle(ServerImpl.java:692)
	at jdk.httpserver/com.sun.net.httpserver.Filter$Chain.doFilter(Filter.java:77)
	at jdk.httpserver/sun.net.httpserver.ServerImpl$Exchange.run(ServerImpl.java:664)
	at java.base/java.util.concurrent.ThreadPoolExecutor.runWorker(ThreadPoolExecutor.java:1128)
	at java.base/java.util.concurrent.ThreadPoolExecutor$Worker.run(ThreadPoolExecutor.java:628)
	at java.base/java.lang.Thread.run(Thread.java:834)

 {"metadata":{"emulator":{"name":"firestore"},"message":"Jan 02, 2021 9:25:41 AM com.google.cloud.datastore.emulator.firestore.webchannel.FirestoreV1WebChannelAdapter$FirestoreServerHandler doChannel\nWARNING: failed to set up stream\njava.lang.IllegalArgumentException: Invalid app id\n\tat com.google.cloud.datastore.core.names.ProjectIds.parseAppId(ProjectIds.java:165)\n\tat com.google.cloud.datastore.core.rep.DatabaseRef.createForApp(DatabaseRef.java:161)\n\tat com.google.cloud.datastore.core.firestorev1.converter.FirestoreV1ResourceRefToRepConverter.parseDatabaseRef(FirestoreV1ResourceRefToRepConverter.java:254)\n\tat com.google.cloud.datastore.core.firestorev1.converter.FirestoreV1ResourceRefToRepConverter.convertDatabaseRefHelper(FirestoreV1ResourceRefToRepConverter.java:165)\n\tat com.google.cloud.datastore.core.firestorev1.converter.FirestoreV1ResourceRefToRepConverter.convertDatabaseRefServiceRelative(FirestoreV1ResourceRefToRepConverter.java:157)\n\tat com.google.cloud.datastore.emulator.impl.util.FirestoreEmulatorConverters.toDatabaseRef(FirestoreEmulatorConverters.java:468)\n\tat com.google.cloud.datastore.emulator.impl.CloudFirestoreV1Router.databaseRefFromContext(CloudFirestoreV1Router.java:249)\n\tat com.google.cloud.datastore.emulator.impl.CloudFirestoreV1Router.listenStream(CloudFirestoreV1Router.java:159)\n\tat com.google.cloud.datastore.emulator.firestore.webchannel.FirestoreV1WebChannelAdapter$FirestoreListenHandler.<init>(FirestoreV1WebChannelAdapter.java:152)\n\tat com.google.cloud.datastore.emulator.firestore.webchannel.FirestoreV1WebChannelAdapter$FirestoreListenHandler.<init>(FirestoreV1WebChannelAdapter.java:145)\n\tat com.google.cloud.datastore.emulator.firestore.webchannel.FirestoreV1WebChannelAdapter$FirestoreServerHandler.lambda$wrapper$2(FirestoreV1WebChannelAdapter.java:100)\n\tat io.grpc.Context.run(Context.java:549)\n\tat com.google.cloud.datastore.emulator.firestore.webchannel.FirestoreV1WebChannelAdapter$FirestoreServerHandler.wrapper(FirestoreV1WebChannelAdapter.java:94)\n\tat com.google.cloud.datastore.emulator.firestore.webchannel.FirestoreV1WebChannelAdapter$FirestoreServerHandler.doChannel(FirestoreV1WebChannelAdapter.java:69)\n\tat com.google.net.webchannel.server.v8.HttpServerHandlerImpl.doTransaction(HttpServerHandlerImpl.java:62)\n\tat com.google.net.http.jdkserver.HttpServerSupportInternal$HandlerInternal.handle(HttpServerSupportInternal.java:21)\n\tat jdk.httpserver/com.sun.net.httpserver.Filter$Chain.doFilter(Filter.java:77)\n\tat jdk.httpserver/sun.net.httpserver.AuthFilter.doFilter(AuthFilter.java:82)\n\tat jdk.httpserver/com.sun.net.httpserver.Filter$Chain.doFilter(Filter.java:80)\n\tat jdk.httpserver/sun.net.httpserver.ServerImpl$Exchange$LinkHandler.handle(ServerImpl.java:692)\n\tat jdk.httpserver/com.sun.net.httpserver.Filter$Chain.doFilter(Filter.java:77)\n\tat jdk.httpserver/sun.net.httpserver.ServerImpl$Exchange.run(ServerImpl.java:664)\n\tat java.base/java.util.concurrent.ThreadPoolExecutor.runWorker(ThreadPoolExecutor.java:1128)\n\tat java.base/java.util.concurrent.ThreadPoolExecutor$Worker.run(ThreadPoolExecutor.java:628)\n\tat java.base/java.lang.Thread.run(Thread.java:834)\n\n"}}
[debug] [2021-01-02T14:25:46.051Z] Jan 02, 2021 9:25:46 AM io.gapi.emulators.netty.HttpVersionRoutingHandler channelRead
INFO: Detected non-HTTP/2 connection.
 {"metadata":{"emulator":{"name":"firestore"},"message":"Jan 02, 2021 9:25:46 AM io.gapi.emulators.netty.HttpVersionRoutingHandler channelRead\nINFO: Detected non-HTTP/2 connection.\n"}}
[debug] [2021-01-02T14:26:13.770Z] Jan 02, 2021 9:26:13 AM io.gapi.emulators.netty.HttpVersionRoutingHandler channelRead
INFO: Detected non-HTTP/2 connection.
 {"metadata":{"emulator":{"name":"firestore"},"message":"Jan 02, 2021 9:26:13 AM io.gapi.emulators.netty.HttpVersionRoutingHandler channelRead\nINFO: Detected non-HTTP/2 connection.\n"}}
[debug] [2021-01-02T14:26:13.789Z] Jan 02, 2021 9:26:13 AM com.google.cloud.datastore.emulator.firestore.webchannel.FirestoreV1WebChannelAdapter$FirestoreServerHandler doChannel
WARNING: failed to set up stream
java.lang.IllegalArgumentException: Invalid app id
	at com.google.cloud.datastore.core.names.ProjectIds.parseAppId(ProjectIds.java:165)
	at com.google.cloud.datastore.core.rep.DatabaseRef.createForApp(DatabaseRef.java:161)
	at com.google.cloud.datastore.core.firestorev1.converter.FirestoreV1ResourceRefToRepConverter.parseDatabaseRef(FirestoreV1ResourceRefToRepConverter.java:254)
	at com.google.cloud.datastore.core.firestorev1.converter.FirestoreV1ResourceRefToRepConverter.convertDatabaseRefHelper(FirestoreV1ResourceRefToRepConverter.java:165)
	at com.google.cloud.datastore.core.firestorev1.converter.FirestoreV1ResourceRefToRepConverter.convertDatabaseRefServiceRelative(FirestoreV1ResourceRefToRepConverter.java:157)
	at com.google.cloud.datastore.emulator.impl.util.FirestoreEmulatorConverters.toDatabaseRef(FirestoreEmulatorConverters.java:468)
	at com.google.cloud.datastore.emulator.impl.CloudFirestoreV1Router.databaseRefFromContext(CloudFirestoreV1Router.java:249)
	at com.google.cloud.datastore.emulator.impl.CloudFirestoreV1Router.listenStream(CloudFirestoreV1Router.java:159)
	at com.google.cloud.datastore.emulator.firestore.webchannel.FirestoreV1WebChannelAdapter$FirestoreListenHandler.<init>(FirestoreV1WebChannelAdapter.java:152)
	at com.google.cloud.datastore.emulator.firestore.webchannel.FirestoreV1WebChannelAdapter$FirestoreListenHandler.<init>(FirestoreV1WebChannelAdapter.java:145)
	at com.google.cloud.datastore.emulator.firestore.webchannel.FirestoreV1WebChannelAdapter$FirestoreServerHandler.lambda$wrapper$2(FirestoreV1WebChannelAdapter.java:100)
	at io.grpc.Context.run(Context.java:549)
	at com.google.cloud.datastore.emulator.firestore.webchannel.FirestoreV1WebChannelAdapter$FirestoreServerHandler.wrapper(FirestoreV1WebChannelAdapter.java:94)
	at com.google.cloud.datastore.emulator.firestore.webchannel.FirestoreV1WebChannelAdapter$FirestoreServerHandler.doChannel(FirestoreV1WebChannelAdapter.java:69)
	at com.google.net.webchannel.server.v8.HttpServerHandlerImpl.doTransaction(HttpServerHandlerImpl.java:62)
	at com.google.net.http.jdkserver.HttpServerSupportInternal$HandlerInternal.handle(HttpServerSupportInternal.java:21)
	at jdk.httpserver/com.sun.net.httpserver.Filter$Chain.doFilter(Filter.java:77)
	at jdk.httpserver/sun.net.httpserver.AuthFilter.doFilter(AuthFilter.java:82)
	at jdk.httpserver/com.sun.net.httpserver.Filter$Chain.doFilter(Filter.java:80)
	at jdk.httpserver/sun.net.httpserver.ServerImpl$Exchange$LinkHandler.handle(ServerImpl.java:692)
	at jdk.httpserver/com.sun.net.httpserver.Filter$Chain.doFilter(Filter.java:77)
	at jdk.httpserver/sun.net.httpserver.ServerImpl$Exchange.run(ServerImpl.java:664)
	at java.base/java.util.concurrent.ThreadPoolExecutor.runWorker(ThreadPoolExecutor.java:1128)
	at java.base/java.util.concurrent.ThreadPoolExecutor$Worker.run(ThreadPoolExecutor.java:628)
	at java.base/java.lang.Thread.run(Thread.java:834)

 {"metadata":{"emulator":{"name":"firestore"},"message":"Jan 02, 2021 9:26:13 AM com.google.cloud.datastore.emulator.firestore.webchannel.FirestoreV1WebChannelAdapter$FirestoreServerHandler doChannel\nWARNING: failed to set up stream\njava.lang.IllegalArgumentException: Invalid app id\n\tat com.google.cloud.datastore.core.names.ProjectIds.parseAppId(ProjectIds.java:165)\n\tat com.google.cloud.datastore.core.rep.DatabaseRef.createForApp(DatabaseRef.java:161)\n\tat com.google.cloud.datastore.core.firestorev1.converter.FirestoreV1ResourceRefToRepConverter.parseDatabaseRef(FirestoreV1ResourceRefToRepConverter.java:254)\n\tat com.google.cloud.datastore.core.firestorev1.converter.FirestoreV1ResourceRefToRepConverter.convertDatabaseRefHelper(FirestoreV1ResourceRefToRepConverter.java:165)\n\tat com.google.cloud.datastore.core.firestorev1.converter.FirestoreV1ResourceRefToRepConverter.convertDatabaseRefServiceRelative(FirestoreV1ResourceRefToRepConverter.java:157)\n\tat com.google.cloud.datastore.emulator.impl.util.FirestoreEmulatorConverters.toDatabaseRef(FirestoreEmulatorConverters.java:468)\n\tat com.google.cloud.datastore.emulator.impl.CloudFirestoreV1Router.databaseRefFromContext(CloudFirestoreV1Router.java:249)\n\tat com.google.cloud.datastore.emulator.impl.CloudFirestoreV1Router.listenStream(CloudFirestoreV1Router.java:159)\n\tat com.google.cloud.datastore.emulator.firestore.webchannel.FirestoreV1WebChannelAdapter$FirestoreListenHandler.<init>(FirestoreV1WebChannelAdapter.java:152)\n\tat com.google.cloud.datastore.emulator.firestore.webchannel.FirestoreV1WebChannelAdapter$FirestoreListenHandler.<init>(FirestoreV1WebChannelAdapter.java:145)\n\tat com.google.cloud.datastore.emulator.firestore.webchannel.FirestoreV1WebChannelAdapter$FirestoreServerHandler.lambda$wrapper$2(FirestoreV1WebChannelAdapter.java:100)\n\tat io.grpc.Context.run(Context.java:549)\n\tat com.google.cloud.datastore.emulator.firestore.webchannel.FirestoreV1WebChannelAdapter$FirestoreServerHandler.wrapper(FirestoreV1WebChannelAdapter.java:94)\n\tat com.google.cloud.datastore.emulator.firestore.webchannel.FirestoreV1WebChannelAdapter$FirestoreServerHandler.doChannel(FirestoreV1WebChannelAdapter.java:69)\n\tat com.google.net.webchannel.server.v8.HttpServerHandlerImpl.doTransaction(HttpServerHandlerImpl.java:62)\n\tat com.google.net.http.jdkserver.HttpServerSupportInternal$HandlerInternal.handle(HttpServerSupportInternal.java:21)\n\tat jdk.httpserver/com.sun.net.httpserver.Filter$Chain.doFilter(Filter.java:77)\n\tat jdk.httpserver/sun.net.httpserver.AuthFilter.doFilter(AuthFilter.java:82)\n\tat jdk.httpserver/com.sun.net.httpserver.Filter$Chain.doFilter(Filter.java:80)\n\tat jdk.httpserver/sun.net.httpserver.ServerImpl$Exchange$LinkHandler.handle(ServerImpl.java:692)\n\tat jdk.httpserver/com.sun.net.httpserver.Filter$Chain.doFilter(Filter.java:77)\n\tat jdk.httpserver/sun.net.httpserver.ServerImpl$Exchange.run(ServerImpl.java:664)\n\tat java.base/java.util.concurrent.ThreadPoolExecutor.runWorker(ThreadPoolExecutor.java:1128)\n\tat java.base/java.util.concurrent.ThreadPoolExecutor$Worker.run(ThreadPoolExecutor.java:628)\n\tat java.base/java.lang.Thread.run(Thread.java:834)\n\n"}}
[debug] [2021-01-02T14:26:38.182Z] Jan 02, 2021 9:26:38 AM io.gapi.emulators.netty.HttpVersionRoutingHandler channelRead
INFO: Detected non-HTTP/2 connection.
 {"metadata":{"emulator":{"name":"firestore"},"message":"Jan 02, 2021 9:26:38 AM io.gapi.emulators.netty.HttpVersionRoutingHandler channelRead\nINFO: Detected non-HTTP/2 connection.\n"}}
[debug] [2021-01-02T14:26:38.211Z] Jan 02, 2021 9:26:38 AM com.google.cloud.datastore.emulator.impl.context.EmulatorAuthorization warnAboutSecuredJwt
WARNING: expected an unsecured JWT, the emulator does not validate JWTs and IS NOT SECURE
 {"metadata":{"emulator":{"name":"firestore"},"message":"Jan 02, 2021 9:26:38 AM com.google.cloud.datastore.emulator.impl.context.EmulatorAuthorization warnAboutSecuredJwt\nWARNING: expected an unsecured JWT, the emulator does not validate JWTs and IS NOT SECURE\n"}}
[debug] [2021-01-02T14:26:38.436Z] Jan 02, 2021 9:26:38 AM io.gapi.emulators.netty.HttpVersionRoutingHandler channelRead
INFO: Detected non-HTTP/2 connection.
 {"metadata":{"emulator":{"name":"firestore"},"message":"Jan 02, 2021 9:26:38 AM io.gapi.emulators.netty.HttpVersionRoutingHandler channelRead\nINFO: Detected non-HTTP/2 connection.\n"}}
[debug] [2021-01-02T14:26:38.552Z] Jan 02, 2021 9:26:38 AM io.gapi.emulators.netty.HttpVersionRoutingHandler channelRead
INFO: Detected non-HTTP/2 connection.
 {"metadata":{"emulator":{"name":"firestore"},"message":"Jan 02, 2021 9:26:38 AM io.gapi.emulators.netty.HttpVersionRoutingHandler channelRead\nINFO: Detected non-HTTP/2 connection.\n"}}
[debug] [2021-01-02T14:26:46.110Z] Jan 02, 2021 9:26:46 AM io.gapi.emulators.netty.HttpVersionRoutingHandler channelRead
INFO: Detected non-HTTP/2 connection.
 {"metadata":{"emulator":{"name":"firestore"},"message":"Jan 02, 2021 9:26:46 AM io.gapi.emulators.netty.HttpVersionRoutingHandler channelRead\nINFO: Detected non-HTTP/2 connection.\n"}}
[debug] [2021-01-02T14:27:38.689Z] Jan 02, 2021 9:27:38 AM io.gapi.emulators.netty.HttpVersionRoutingHandler channelRead
INFO: Detected non-HTTP/2 connection.
 {"metadata":{"emulator":{"name":"firestore"},"message":"Jan 02, 2021 9:27:38 AM io.gapi.emulators.netty.HttpVersionRoutingHandler channelRead\nINFO: Detected non-HTTP/2 connection.\n"}}
[debug] [2021-01-02T14:27:46.166Z] Jan 02, 2021 9:27:46 AM io.gapi.emulators.netty.HttpVersionRoutingHandler channelRead
INFO: Detected non-HTTP/2 connection.
 {"metadata":{"emulator":{"name":"firestore"},"message":"Jan 02, 2021 9:27:46 AM io.gapi.emulators.netty.HttpVersionRoutingHandler channelRead\nINFO: Detected non-HTTP/2 connection.\n"}}
[debug] [2021-01-02T14:28:38.737Z] Jan 02, 2021 9:28:38 AM io.gapi.emulators.netty.HttpVersionRoutingHandler channelRead
INFO: Detected non-HTTP/2 connection.
 {"metadata":{"emulator":{"name":"firestore"},"message":"Jan 02, 2021 9:28:38 AM io.gapi.emulators.netty.HttpVersionRoutingHandler channelRead\nINFO: Detected non-HTTP/2 connection.\n"}}
[debug] [2021-01-02T14:28:46.209Z] Jan 02, 2021 9:28:46 AM io.gapi.emulators.netty.HttpVersionRoutingHandler channelRead
INFO: Detected non-HTTP/2 connection.
 {"metadata":{"emulator":{"name":"firestore"},"message":"Jan 02, 2021 9:28:46 AM io.gapi.emulators.netty.HttpVersionRoutingHandler channelRead\nINFO: Detected non-HTTP/2 connection.\n"}}
[debug] [2021-01-02T14:29:38.795Z] Jan 02, 2021 9:29:38 AM io.gapi.emulators.netty.HttpVersionRoutingHandler channelRead
INFO: Detected non-HTTP/2 connection.
 {"metadata":{"emulator":{"name":"firestore"},"message":"Jan 02, 2021 9:29:38 AM io.gapi.emulators.netty.HttpVersionRoutingHandler channelRead\nINFO: Detected non-HTTP/2 connection.\n"}}
[debug] [2021-01-02T14:29:46.254Z] Jan 02, 2021 9:29:46 AM io.gapi.emulators.netty.HttpVersionRoutingHandler channelRead
INFO: Detected non-HTTP/2 connection.
 {"metadata":{"emulator":{"name":"firestore"},"message":"Jan 02, 2021 9:29:46 AM io.gapi.emulators.netty.HttpVersionRoutingHandler channelRead\nINFO: Detected non-HTTP/2 connection.\n"}}
[debug] [2021-01-02T14:30:46.332Z] Jan 02, 2021 9:30:46 AM io.gapi.emulators.netty.HttpVersionRoutingHandler channelRead
INFO: Detected non-HTTP/2 connection.
 {"metadata":{"emulator":{"name":"firestore"},"message":"Jan 02, 2021 9:30:46 AM io.gapi.emulators.netty.HttpVersionRoutingHandler channelRead\nINFO: Detected non-HTTP/2 connection.\n"}}
[debug] [2021-01-02T14:30:53.842Z] Jan 02, 2021 9:30:53 AM io.gapi.emulators.netty.HttpVersionRoutingHandler channelRead
INFO: Detected non-HTTP/2 connection.
 {"metadata":{"emulator":{"name":"firestore"},"message":"Jan 02, 2021 9:30:53 AM io.gapi.emulators.netty.HttpVersionRoutingHandler channelRead\nINFO: Detected non-HTTP/2 connection.\n"}}
[debug] [2021-01-02T14:31:46.383Z] Jan 02, 2021 9:31:46 AM io.gapi.emulators.netty.HttpVersionRoutingHandler channelRead
INFO: Detected non-HTTP/2 connection.
 {"metadata":{"emulator":{"name":"firestore"},"message":"Jan 02, 2021 9:31:46 AM io.gapi.emulators.netty.HttpVersionRoutingHandler channelRead\nINFO: Detected non-HTTP/2 connection.\n"}}
[debug] [2021-01-02T14:31:53.904Z] Jan 02, 2021 9:31:53 AM io.gapi.emulators.netty.HttpVersionRoutingHandler channelRead
INFO: Detected non-HTTP/2 connection.
 {"metadata":{"emulator":{"name":"firestore"},"message":"Jan 02, 2021 9:31:53 AM io.gapi.emulators.netty.HttpVersionRoutingHandler channelRead\nINFO: Detected non-HTTP/2 connection.\n"}}
